<?xml version="1.0" encoding="UTF-8"?>
<!-- Generated by org.testng.reporters.JUnitXMLReporter -->
<testsuite ignored="1" hostname="DESKTOP-KT8PE57" failures="0" tests="4" name="Test" time="22.007" errors="0" timestamp="2023-04-25T20:29:21 EDT">
  <testcase classname="testngPrograms.VerifyBtnStatus" name="verifyBtnStatus" time="0.048"/>
  <testcase classname="testngPrograms.VerifyErrMsg" name="verifyErrMsg" time="1.512"/>
  <testcase classname="testngPrograms.VerifyTitle" name="titleVerification" time="0.009"/>
  <testcase classname="demo.ExplicitWaitTestNG" name="explicitWait" time="5.319"/>
  <testcase classname="testngPrograms.VerifyTextIsDisplayed" name="textVerification" time="0.0">
    <ignored/>
  </testcase> <!-- textVerification -->
</testsuite> <!-- Test -->
