<?xml version="1.0" encoding="UTF-8"?>
<testng-results ignored="0" total="1" passed="1" failed="0" skipped="0">
  <reporter-output>
  </reporter-output>
  <suite started-at="2023-04-27T21:16:25 EDT" name="Default suite" finished-at="2023-04-27T21:16:28 EDT" duration-ms="2939">
    <groups>
    </groups>
    <test started-at="2023-04-27T21:16:25 EDT" name="Default test" finished-at="2023-04-27T21:16:28 EDT" duration-ms="2939">
      <class name="testngPrograms.JSDemo1">
        <test-method is-config="true" signature="launchBrowser()[pri:0, instance:testngPrograms.JSDemo1@52af26ee]" started-at="2023-04-27T21:16:25 EDT" name="launchBrowser" finished-at="2023-04-27T21:16:28 EDT" duration-ms="2867" status="PASS">
          <reporter-output>
          </reporter-output>
        </test-method> <!-- launchBrowser -->
        <test-method signature="enterUsername()[pri:0, instance:testngPrograms.JSDemo1@52af26ee]" started-at="2023-04-27T21:16:28 EDT" name="enterUsername" finished-at="2023-04-27T21:16:28 EDT" duration-ms="43" status="PASS">
          <reporter-output>
          </reporter-output>
        </test-method> <!-- enterUsername -->
      </class> <!-- testngPrograms.JSDemo1 -->
    </test> <!-- Default test -->
  </suite> <!-- Default suite -->
</testng-results>
